-- Logs begin at Wed 2019-10-02 02:13:51 UTC, end at Wed 2019-10-02 02:41:32 UTC. --
Oct 02 02:14:14 bootstrap.openshift4poc.example.local systemd[1]: Started Approve CSRs during bootstrap phase.
Oct 02 02:14:14 bootstrap.openshift4poc.example.local approve-csr.sh[1607]: Approving all CSR requests until bootstrapping is complete...
Oct 02 02:14:15 bootstrap.openshift4poc.example.local approve-csr.sh[1607]: The connection to the server localhost:6443 was refused - did you specify the right host or port?
Oct 02 02:14:35 bootstrap.openshift4poc.example.local approve-csr.sh[1607]: The connection to the server localhost:6443 was refused - did you specify the right host or port?
Oct 02 02:14:55 bootstrap.openshift4poc.example.local approve-csr.sh[1607]: error: the server doesn't have a resource type "csr"
Oct 02 02:15:15 bootstrap.openshift4poc.example.local approve-csr.sh[1607]: error: the server doesn't have a resource type "csr"
Oct 02 02:15:35 bootstrap.openshift4poc.example.local approve-csr.sh[1607]: error: the server doesn't have a resource type "csr"
Oct 02 02:15:55 bootstrap.openshift4poc.example.local approve-csr.sh[1607]: error: the server doesn't have a resource type "csr"
Oct 02 02:16:15 bootstrap.openshift4poc.example.local approve-csr.sh[1607]: error: the server doesn't have a resource type "csr"
Oct 02 02:16:36 bootstrap.openshift4poc.example.local approve-csr.sh[1607]: error: the server doesn't have a resource type "csr"
Oct 02 02:16:56 bootstrap.openshift4poc.example.local approve-csr.sh[1607]: error: the server doesn't have a resource type "csr"
Oct 02 02:17:16 bootstrap.openshift4poc.example.local approve-csr.sh[1607]: error: the server doesn't have a resource type "csr"
Oct 02 02:17:36 bootstrap.openshift4poc.example.local approve-csr.sh[1607]: error: the server doesn't have a resource type "csr"
Oct 02 02:17:56 bootstrap.openshift4poc.example.local approve-csr.sh[1607]: error: the server doesn't have a resource type "csr"
Oct 02 02:18:16 bootstrap.openshift4poc.example.local approve-csr.sh[1607]: error: the server doesn't have a resource type "csr"
Oct 02 02:18:36 bootstrap.openshift4poc.example.local approve-csr.sh[1607]: error: the server doesn't have a resource type "csr"
Oct 02 02:18:56 bootstrap.openshift4poc.example.local approve-csr.sh[1607]: error: the server doesn't have a resource type "csr"
Oct 02 02:19:16 bootstrap.openshift4poc.example.local approve-csr.sh[1607]: error: the server doesn't have a resource type "csr"
Oct 02 02:19:36 bootstrap.openshift4poc.example.local approve-csr.sh[1607]: error: the server doesn't have a resource type "csr"
Oct 02 02:19:57 bootstrap.openshift4poc.example.local approve-csr.sh[1607]: error: the server doesn't have a resource type "csr"
Oct 02 02:20:17 bootstrap.openshift4poc.example.local approve-csr.sh[1607]: error: the server doesn't have a resource type "csr"
Oct 02 02:20:37 bootstrap.openshift4poc.example.local approve-csr.sh[1607]: error: the server doesn't have a resource type "csr"
Oct 02 02:20:57 bootstrap.openshift4poc.example.local approve-csr.sh[1607]: error: the server doesn't have a resource type "csr"
Oct 02 02:21:17 bootstrap.openshift4poc.example.local approve-csr.sh[1607]: error: the server doesn't have a resource type "csr"
Oct 02 02:21:37 bootstrap.openshift4poc.example.local approve-csr.sh[1607]: error: the server doesn't have a resource type "csr"
Oct 02 02:21:57 bootstrap.openshift4poc.example.local approve-csr.sh[1607]: error: the server doesn't have a resource type "csr"
Oct 02 02:22:17 bootstrap.openshift4poc.example.local approve-csr.sh[1607]: error: the server doesn't have a resource type "csr"
Oct 02 02:22:38 bootstrap.openshift4poc.example.local approve-csr.sh[1607]: error: the server doesn't have a resource type "csr"
Oct 02 02:22:58 bootstrap.openshift4poc.example.local approve-csr.sh[1607]: error: the server doesn't have a resource type "csr"
Oct 02 02:23:18 bootstrap.openshift4poc.example.local approve-csr.sh[1607]: error: the server doesn't have a resource type "csr"
Oct 02 02:23:38 bootstrap.openshift4poc.example.local approve-csr.sh[1607]: error: the server doesn't have a resource type "csr"
Oct 02 02:23:58 bootstrap.openshift4poc.example.local approve-csr.sh[1607]: error: the server doesn't have a resource type "csr"
Oct 02 02:24:18 bootstrap.openshift4poc.example.local approve-csr.sh[1607]: error: the server doesn't have a resource type "csr"
Oct 02 02:24:38 bootstrap.openshift4poc.example.local approve-csr.sh[1607]: error: the server doesn't have a resource type "csr"
Oct 02 02:24:58 bootstrap.openshift4poc.example.local approve-csr.sh[1607]: error: the server doesn't have a resource type "csr"
Oct 02 02:25:18 bootstrap.openshift4poc.example.local approve-csr.sh[1607]: error: the server doesn't have a resource type "csr"
Oct 02 02:25:39 bootstrap.openshift4poc.example.local approve-csr.sh[1607]: error: the server doesn't have a resource type "csr"
Oct 02 02:25:59 bootstrap.openshift4poc.example.local approve-csr.sh[1607]: error: the server doesn't have a resource type "csr"
Oct 02 02:26:19 bootstrap.openshift4poc.example.local approve-csr.sh[1607]: error: the server doesn't have a resource type "csr"
Oct 02 02:26:39 bootstrap.openshift4poc.example.local approve-csr.sh[1607]: error: the server doesn't have a resource type "csr"
Oct 02 02:26:59 bootstrap.openshift4poc.example.local approve-csr.sh[1607]: error: the server doesn't have a resource type "csr"
Oct 02 02:27:19 bootstrap.openshift4poc.example.local approve-csr.sh[1607]: error: the server doesn't have a resource type "csr"
Oct 02 02:27:39 bootstrap.openshift4poc.example.local approve-csr.sh[1607]: error: the server doesn't have a resource type "csr"
Oct 02 02:27:59 bootstrap.openshift4poc.example.local approve-csr.sh[1607]: error: the server doesn't have a resource type "csr"
Oct 02 02:28:19 bootstrap.openshift4poc.example.local approve-csr.sh[1607]: error: the server doesn't have a resource type "csr"
Oct 02 02:28:40 bootstrap.openshift4poc.example.local approve-csr.sh[1607]: error: the server doesn't have a resource type "csr"
Oct 02 02:29:00 bootstrap.openshift4poc.example.local approve-csr.sh[1607]: error: the server doesn't have a resource type "csr"
Oct 02 02:29:20 bootstrap.openshift4poc.example.local approve-csr.sh[1607]: error: the server doesn't have a resource type "csr"
Oct 02 02:29:40 bootstrap.openshift4poc.example.local approve-csr.sh[1607]: error: the server doesn't have a resource type "csr"
Oct 02 02:30:00 bootstrap.openshift4poc.example.local approve-csr.sh[1607]: error: the server doesn't have a resource type "csr"
Oct 02 02:30:20 bootstrap.openshift4poc.example.local approve-csr.sh[1607]: error: the server doesn't have a resource type "csr"
Oct 02 02:30:40 bootstrap.openshift4poc.example.local approve-csr.sh[1607]: error: the server doesn't have a resource type "csr"
Oct 02 02:31:00 bootstrap.openshift4poc.example.local approve-csr.sh[1607]: error: the server doesn't have a resource type "csr"
Oct 02 02:31:21 bootstrap.openshift4poc.example.local approve-csr.sh[1607]: error: the server doesn't have a resource type "csr"
Oct 02 02:31:41 bootstrap.openshift4poc.example.local approve-csr.sh[1607]: error: the server doesn't have a resource type "csr"
Oct 02 02:32:01 bootstrap.openshift4poc.example.local approve-csr.sh[1607]: error: the server doesn't have a resource type "csr"
Oct 02 02:32:21 bootstrap.openshift4poc.example.local approve-csr.sh[1607]: error: the server doesn't have a resource type "csr"
Oct 02 02:32:41 bootstrap.openshift4poc.example.local approve-csr.sh[1607]: error: the server doesn't have a resource type "csr"
Oct 02 02:33:01 bootstrap.openshift4poc.example.local approve-csr.sh[1607]: error: the server doesn't have a resource type "csr"
Oct 02 02:33:21 bootstrap.openshift4poc.example.local approve-csr.sh[1607]: error: the server doesn't have a resource type "csr"
Oct 02 02:33:41 bootstrap.openshift4poc.example.local approve-csr.sh[1607]: error: the server doesn't have a resource type "csr"
Oct 02 02:34:01 bootstrap.openshift4poc.example.local approve-csr.sh[1607]: error: the server doesn't have a resource type "csr"
Oct 02 02:34:22 bootstrap.openshift4poc.example.local approve-csr.sh[1607]: error: the server doesn't have a resource type "csr"
Oct 02 02:34:42 bootstrap.openshift4poc.example.local approve-csr.sh[1607]: error: the server doesn't have a resource type "csr"
Oct 02 02:35:02 bootstrap.openshift4poc.example.local approve-csr.sh[1607]: error: the server doesn't have a resource type "csr"
Oct 02 02:35:22 bootstrap.openshift4poc.example.local approve-csr.sh[1607]: error: the server doesn't have a resource type "csr"
Oct 02 02:35:42 bootstrap.openshift4poc.example.local approve-csr.sh[1607]: error: the server doesn't have a resource type "csr"
Oct 02 02:36:02 bootstrap.openshift4poc.example.local approve-csr.sh[1607]: error: the server doesn't have a resource type "csr"
Oct 02 02:36:22 bootstrap.openshift4poc.example.local approve-csr.sh[1607]: error: the server doesn't have a resource type "csr"
Oct 02 02:36:42 bootstrap.openshift4poc.example.local approve-csr.sh[1607]: error: the server doesn't have a resource type "csr"
Oct 02 02:37:03 bootstrap.openshift4poc.example.local approve-csr.sh[1607]: error: the server doesn't have a resource type "csr"
Oct 02 02:37:23 bootstrap.openshift4poc.example.local approve-csr.sh[1607]: error: the server doesn't have a resource type "csr"
Oct 02 02:37:43 bootstrap.openshift4poc.example.local approve-csr.sh[1607]: error: the server doesn't have a resource type "csr"
Oct 02 02:38:03 bootstrap.openshift4poc.example.local approve-csr.sh[1607]: error: the server doesn't have a resource type "csr"
Oct 02 02:38:23 bootstrap.openshift4poc.example.local approve-csr.sh[1607]: error: the server doesn't have a resource type "csr"
Oct 02 02:38:43 bootstrap.openshift4poc.example.local approve-csr.sh[1607]: error: the server doesn't have a resource type "csr"
Oct 02 02:39:03 bootstrap.openshift4poc.example.local approve-csr.sh[1607]: error: the server doesn't have a resource type "csr"
Oct 02 02:39:23 bootstrap.openshift4poc.example.local approve-csr.sh[1607]: error: the server doesn't have a resource type "csr"
Oct 02 02:39:44 bootstrap.openshift4poc.example.local approve-csr.sh[1607]: error: the server doesn't have a resource type "csr"
Oct 02 02:40:04 bootstrap.openshift4poc.example.local approve-csr.sh[1607]: error: the server doesn't have a resource type "csr"
Oct 02 02:40:24 bootstrap.openshift4poc.example.local approve-csr.sh[1607]: error: the server doesn't have a resource type "csr"
Oct 02 02:40:44 bootstrap.openshift4poc.example.local approve-csr.sh[1607]: error: the server doesn't have a resource type "csr"
Oct 02 02:41:04 bootstrap.openshift4poc.example.local approve-csr.sh[1607]: error: the server doesn't have a resource type "csr"
Oct 02 02:41:24 bootstrap.openshift4poc.example.local approve-csr.sh[1607]: error: the server doesn't have a resource type "csr"
