-- Logs begin at Wed 2019-10-02 02:13:51 UTC, end at Wed 2019-10-02 02:41:32 UTC. --
Oct 02 02:14:14 bootstrap.openshift4poc.example.local systemd[1]: Started Bootstrap a Kubernetes cluster.
Oct 02 02:14:15 bootstrap.openshift4poc.example.local podman[1664]: 2019-10-02 02:14:15.2505693 +0000 UTC m=+0.146150301 container create ad25f4316b88108768a9192e176d1588347aaceaea2cb251b13828dd7e040e6d (image=registry.local:5000/ocp4/openshift4:4.2.0-0.nightly-2019-09-27-191818, name=cocky_snyder)
Oct 02 02:14:15 bootstrap.openshift4poc.example.local podman[1664]: 2019-10-02 02:14:15.4403502 +0000 UTC m=+0.335931201 container init ad25f4316b88108768a9192e176d1588347aaceaea2cb251b13828dd7e040e6d (image=registry.local:5000/ocp4/openshift4:4.2.0-0.nightly-2019-09-27-191818, name=cocky_snyder)
Oct 02 02:14:15 bootstrap.openshift4poc.example.local podman[1664]: 2019-10-02 02:14:15.46186 +0000 UTC m=+0.357441201 container start ad25f4316b88108768a9192e176d1588347aaceaea2cb251b13828dd7e040e6d (image=registry.local:5000/ocp4/openshift4:4.2.0-0.nightly-2019-09-27-191818, name=cocky_snyder)
Oct 02 02:14:15 bootstrap.openshift4poc.example.local podman[1664]: 2019-10-02 02:14:15.4619499 +0000 UTC m=+0.357530901 container attach ad25f4316b88108768a9192e176d1588347aaceaea2cb251b13828dd7e040e6d (image=registry.local:5000/ocp4/openshift4:4.2.0-0.nightly-2019-09-27-191818, name=cocky_snyder)
Oct 02 02:14:16 bootstrap.openshift4poc.example.local podman[1753]: 2019-10-02 02:14:16.0811147 +0000 UTC m=+0.105396301 container create 7b0711cf801a496e60a7263a7da8d4ce2f4b72a37a14101c0d2c49ae79515104 (image=registry.local:5000/ocp4/openshift4:4.2.0-0.nightly-2019-09-27-191818, name=bold_swartz)
Oct 02 02:14:16 bootstrap.openshift4poc.example.local podman[1753]: 2019-10-02 02:14:16.2385159 +0000 UTC m=+0.262797701 container init 7b0711cf801a496e60a7263a7da8d4ce2f4b72a37a14101c0d2c49ae79515104 (image=registry.local:5000/ocp4/openshift4:4.2.0-0.nightly-2019-09-27-191818, name=bold_swartz)
Oct 02 02:14:16 bootstrap.openshift4poc.example.local podman[1753]: 2019-10-02 02:14:16.2626419 +0000 UTC m=+0.286923701 container start 7b0711cf801a496e60a7263a7da8d4ce2f4b72a37a14101c0d2c49ae79515104 (image=registry.local:5000/ocp4/openshift4:4.2.0-0.nightly-2019-09-27-191818, name=bold_swartz)
Oct 02 02:14:16 bootstrap.openshift4poc.example.local podman[1753]: 2019-10-02 02:14:16.263325 +0000 UTC m=+0.287606601 container attach 7b0711cf801a496e60a7263a7da8d4ce2f4b72a37a14101c0d2c49ae79515104 (image=registry.local:5000/ocp4/openshift4:4.2.0-0.nightly-2019-09-27-191818, name=bold_swartz)
Oct 02 02:14:16 bootstrap.openshift4poc.example.local podman[1839]: 2019-10-02 02:14:16.9467129 +0000 UTC m=+0.118290601 container create 5e5a2e44b960b71b8dc3f7933e835089ae61592c842786f81d04d90165fd2707 (image=registry.local:5000/ocp4/openshift4:4.2.0-0.nightly-2019-09-27-191818, name=affectionate_goldwasser)
Oct 02 02:14:17 bootstrap.openshift4poc.example.local podman[1839]: 2019-10-02 02:14:17.1329199 +0000 UTC m=+0.304497701 container init 5e5a2e44b960b71b8dc3f7933e835089ae61592c842786f81d04d90165fd2707 (image=registry.local:5000/ocp4/openshift4:4.2.0-0.nightly-2019-09-27-191818, name=affectionate_goldwasser)
Oct 02 02:14:17 bootstrap.openshift4poc.example.local podman[1839]: 2019-10-02 02:14:17.1541288 +0000 UTC m=+0.325706701 container start 5e5a2e44b960b71b8dc3f7933e835089ae61592c842786f81d04d90165fd2707 (image=registry.local:5000/ocp4/openshift4:4.2.0-0.nightly-2019-09-27-191818, name=affectionate_goldwasser)
Oct 02 02:14:17 bootstrap.openshift4poc.example.local podman[1839]: 2019-10-02 02:14:17.1542619 +0000 UTC m=+0.325839701 container attach 5e5a2e44b960b71b8dc3f7933e835089ae61592c842786f81d04d90165fd2707 (image=registry.local:5000/ocp4/openshift4:4.2.0-0.nightly-2019-09-27-191818, name=affectionate_goldwasser)
Oct 02 02:14:17 bootstrap.openshift4poc.example.local podman[1926]: 2019-10-02 02:14:17.7850979 +0000 UTC m=+0.135018801 container create 8d707f5fc425e1a28c795a5b52771bc14dd74db6420a46fbf24f090380b55beb (image=registry.local:5000/ocp4/openshift4:4.2.0-0.nightly-2019-09-27-191818, name=sharp_payne)
Oct 02 02:14:17 bootstrap.openshift4poc.example.local podman[1926]: 2019-10-02 02:14:17.9287212 +0000 UTC m=+0.278642101 container init 8d707f5fc425e1a28c795a5b52771bc14dd74db6420a46fbf24f090380b55beb (image=registry.local:5000/ocp4/openshift4:4.2.0-0.nightly-2019-09-27-191818, name=sharp_payne)
Oct 02 02:14:17 bootstrap.openshift4poc.example.local podman[1926]: 2019-10-02 02:14:17.9486006 +0000 UTC m=+0.298521501 container start 8d707f5fc425e1a28c795a5b52771bc14dd74db6420a46fbf24f090380b55beb (image=registry.local:5000/ocp4/openshift4:4.2.0-0.nightly-2019-09-27-191818, name=sharp_payne)
Oct 02 02:14:17 bootstrap.openshift4poc.example.local podman[1926]: 2019-10-02 02:14:17.9486967 +0000 UTC m=+0.298617701 container attach 8d707f5fc425e1a28c795a5b52771bc14dd74db6420a46fbf24f090380b55beb (image=registry.local:5000/ocp4/openshift4:4.2.0-0.nightly-2019-09-27-191818, name=sharp_payne)
Oct 02 02:14:18 bootstrap.openshift4poc.example.local podman[2011]: 2019-10-02 02:14:18.6001172 +0000 UTC m=+0.156725201 container create 2757621dde026facb41199bc8f11b8197872227acce2a0016cfd084252f61d8a (image=registry.local:5000/ocp4/openshift4:4.2.0-0.nightly-2019-09-27-191818, name=practical_kilby)
Oct 02 02:14:18 bootstrap.openshift4poc.example.local podman[2011]: 2019-10-02 02:14:18.7615229 +0000 UTC m=+0.318130901 container init 2757621dde026facb41199bc8f11b8197872227acce2a0016cfd084252f61d8a (image=registry.local:5000/ocp4/openshift4:4.2.0-0.nightly-2019-09-27-191818, name=practical_kilby)
Oct 02 02:14:18 bootstrap.openshift4poc.example.local podman[2011]: 2019-10-02 02:14:18.7918291 +0000 UTC m=+0.348437101 container start 2757621dde026facb41199bc8f11b8197872227acce2a0016cfd084252f61d8a (image=registry.local:5000/ocp4/openshift4:4.2.0-0.nightly-2019-09-27-191818, name=practical_kilby)
Oct 02 02:14:18 bootstrap.openshift4poc.example.local podman[2011]: 2019-10-02 02:14:18.7919522 +0000 UTC m=+0.348560201 container attach 2757621dde026facb41199bc8f11b8197872227acce2a0016cfd084252f61d8a (image=registry.local:5000/ocp4/openshift4:4.2.0-0.nightly-2019-09-27-191818, name=practical_kilby)
Oct 02 02:14:19 bootstrap.openshift4poc.example.local podman[2092]: 2019-10-02 02:14:19.4136471 +0000 UTC m=+0.095859601 container create 59a92905e5e964f60fe412d65b4c3080187cf0d337ae48266a62db65c27c06cd (image=registry.local:5000/ocp4/openshift4:4.2.0-0.nightly-2019-09-27-191818, name=crazy_cannon)
Oct 02 02:14:19 bootstrap.openshift4poc.example.local podman[2092]: 2019-10-02 02:14:19.5493332 +0000 UTC m=+0.231545801 container init 59a92905e5e964f60fe412d65b4c3080187cf0d337ae48266a62db65c27c06cd (image=registry.local:5000/ocp4/openshift4:4.2.0-0.nightly-2019-09-27-191818, name=crazy_cannon)
Oct 02 02:14:19 bootstrap.openshift4poc.example.local podman[2092]: 2019-10-02 02:14:19.5695454 +0000 UTC m=+0.251758001 container start 59a92905e5e964f60fe412d65b4c3080187cf0d337ae48266a62db65c27c06cd (image=registry.local:5000/ocp4/openshift4:4.2.0-0.nightly-2019-09-27-191818, name=crazy_cannon)
Oct 02 02:14:19 bootstrap.openshift4poc.example.local podman[2092]: 2019-10-02 02:14:19.5697605 +0000 UTC m=+0.251973101 container attach 59a92905e5e964f60fe412d65b4c3080187cf0d337ae48266a62db65c27c06cd (image=registry.local:5000/ocp4/openshift4:4.2.0-0.nightly-2019-09-27-191818, name=crazy_cannon)
Oct 02 02:14:20 bootstrap.openshift4poc.example.local podman[2200]: 2019-10-02 02:14:20.3090464 +0000 UTC m=+0.153982401 container create 3120937dd737e12fa05d1f10934359b49d1d8ed23a835930a150823238074191 (image=registry.local:5000/ocp4/openshift4:4.2.0-0.nightly-2019-09-27-191818, name=cocky_merkle)
Oct 02 02:14:20 bootstrap.openshift4poc.example.local podman[2200]: 2019-10-02 02:14:20.4745439 +0000 UTC m=+0.319479901 container init 3120937dd737e12fa05d1f10934359b49d1d8ed23a835930a150823238074191 (image=registry.local:5000/ocp4/openshift4:4.2.0-0.nightly-2019-09-27-191818, name=cocky_merkle)
Oct 02 02:14:20 bootstrap.openshift4poc.example.local podman[2200]: 2019-10-02 02:14:20.5094909 +0000 UTC m=+0.354426901 container start 3120937dd737e12fa05d1f10934359b49d1d8ed23a835930a150823238074191 (image=registry.local:5000/ocp4/openshift4:4.2.0-0.nightly-2019-09-27-191818, name=cocky_merkle)
Oct 02 02:14:20 bootstrap.openshift4poc.example.local podman[2200]: 2019-10-02 02:14:20.5096183 +0000 UTC m=+0.354554301 container attach 3120937dd737e12fa05d1f10934359b49d1d8ed23a835930a150823238074191 (image=registry.local:5000/ocp4/openshift4:4.2.0-0.nightly-2019-09-27-191818, name=cocky_merkle)
Oct 02 02:14:21 bootstrap.openshift4poc.example.local podman[2295]: 2019-10-02 02:14:21.1240331 +0000 UTC m=+0.098687401 container create 442cd28544087f16f3c334ee293c2595651f1038a1afa67b7bb11cfa05ebda06 (image=registry.local:5000/ocp4/openshift4:4.2.0-0.nightly-2019-09-27-191818, name=naughty_keller)
Oct 02 02:14:21 bootstrap.openshift4poc.example.local podman[2295]: 2019-10-02 02:14:21.2707321 +0000 UTC m=+0.245386501 container init 442cd28544087f16f3c334ee293c2595651f1038a1afa67b7bb11cfa05ebda06 (image=registry.local:5000/ocp4/openshift4:4.2.0-0.nightly-2019-09-27-191818, name=naughty_keller)
Oct 02 02:14:21 bootstrap.openshift4poc.example.local podman[2295]: 2019-10-02 02:14:21.2973178 +0000 UTC m=+0.271972201 container start 442cd28544087f16f3c334ee293c2595651f1038a1afa67b7bb11cfa05ebda06 (image=registry.local:5000/ocp4/openshift4:4.2.0-0.nightly-2019-09-27-191818, name=naughty_keller)
Oct 02 02:14:21 bootstrap.openshift4poc.example.local podman[2295]: 2019-10-02 02:14:21.2977335 +0000 UTC m=+0.272388101 container attach 442cd28544087f16f3c334ee293c2595651f1038a1afa67b7bb11cfa05ebda06 (image=registry.local:5000/ocp4/openshift4:4.2.0-0.nightly-2019-09-27-191818, name=naughty_keller)
Oct 02 02:14:22 bootstrap.openshift4poc.example.local podman[2380]: 2019-10-02 02:14:22.0215958 +0000 UTC m=+0.140184701 container create c401d3735ade0782a9150fd6547a7289c1ec67948a5edaf90d5b3cbe8bc3bf9f (image=registry.local:5000/ocp4/openshift4:4.2.0-0.nightly-2019-09-27-191818, name=unruffled_brahmagupta)
Oct 02 02:14:22 bootstrap.openshift4poc.example.local podman[2380]: 2019-10-02 02:14:22.1653026 +0000 UTC m=+0.283891701 container init c401d3735ade0782a9150fd6547a7289c1ec67948a5edaf90d5b3cbe8bc3bf9f (image=registry.local:5000/ocp4/openshift4:4.2.0-0.nightly-2019-09-27-191818, name=unruffled_brahmagupta)
Oct 02 02:14:22 bootstrap.openshift4poc.example.local podman[2380]: 2019-10-02 02:14:22.1862193 +0000 UTC m=+0.304808401 container start c401d3735ade0782a9150fd6547a7289c1ec67948a5edaf90d5b3cbe8bc3bf9f (image=registry.local:5000/ocp4/openshift4:4.2.0-0.nightly-2019-09-27-191818, name=unruffled_brahmagupta)
Oct 02 02:14:22 bootstrap.openshift4poc.example.local podman[2380]: 2019-10-02 02:14:22.1863512 +0000 UTC m=+0.304940201 container attach c401d3735ade0782a9150fd6547a7289c1ec67948a5edaf90d5b3cbe8bc3bf9f (image=registry.local:5000/ocp4/openshift4:4.2.0-0.nightly-2019-09-27-191818, name=unruffled_brahmagupta)
Oct 02 02:14:22 bootstrap.openshift4poc.example.local podman[2465]: 2019-10-02 02:14:22.8665072 +0000 UTC m=+0.151468201 container create 18a57dd58fff6d53556685be062c669fa4ef221f466f91af491148b09586d891 (image=registry.local:5000/ocp4/openshift4:4.2.0-0.nightly-2019-09-27-191818, name=nervous_carson)
Oct 02 02:14:23 bootstrap.openshift4poc.example.local podman[2465]: 2019-10-02 02:14:23.0018995 +0000 UTC m=+0.286860601 container init 18a57dd58fff6d53556685be062c669fa4ef221f466f91af491148b09586d891 (image=registry.local:5000/ocp4/openshift4:4.2.0-0.nightly-2019-09-27-191818, name=nervous_carson)
Oct 02 02:14:23 bootstrap.openshift4poc.example.local podman[2465]: 2019-10-02 02:14:23.0214039 +0000 UTC m=+0.306365001 container start 18a57dd58fff6d53556685be062c669fa4ef221f466f91af491148b09586d891 (image=registry.local:5000/ocp4/openshift4:4.2.0-0.nightly-2019-09-27-191818, name=nervous_carson)
Oct 02 02:14:23 bootstrap.openshift4poc.example.local podman[2465]: 2019-10-02 02:14:23.0216657 +0000 UTC m=+0.306626801 container attach 18a57dd58fff6d53556685be062c669fa4ef221f466f91af491148b09586d891 (image=registry.local:5000/ocp4/openshift4:4.2.0-0.nightly-2019-09-27-191818, name=nervous_carson)
Oct 02 02:14:23 bootstrap.openshift4poc.example.local podman[2551]: 2019-10-02 02:14:23.678353 +0000 UTC m=+0.150263701 container create 8830a6e4dac739594362a9a7d396c23d4404e25124ca1ce59543876524957883 (image=registry.local:5000/ocp4/openshift4:4.2.0-0.nightly-2019-09-27-191818, name=inspiring_meninsky)
Oct 02 02:14:23 bootstrap.openshift4poc.example.local podman[2551]: 2019-10-02 02:14:23.8257692 +0000 UTC m=+0.297679901 container init 8830a6e4dac739594362a9a7d396c23d4404e25124ca1ce59543876524957883 (image=registry.local:5000/ocp4/openshift4:4.2.0-0.nightly-2019-09-27-191818, name=inspiring_meninsky)
Oct 02 02:14:23 bootstrap.openshift4poc.example.local podman[2551]: 2019-10-02 02:14:23.8386457 +0000 UTC m=+0.310556401 container start 8830a6e4dac739594362a9a7d396c23d4404e25124ca1ce59543876524957883 (image=registry.local:5000/ocp4/openshift4:4.2.0-0.nightly-2019-09-27-191818, name=inspiring_meninsky)
Oct 02 02:14:23 bootstrap.openshift4poc.example.local podman[2551]: 2019-10-02 02:14:23.8387102 +0000 UTC m=+0.310620901 container attach 8830a6e4dac739594362a9a7d396c23d4404e25124ca1ce59543876524957883 (image=registry.local:5000/ocp4/openshift4:4.2.0-0.nightly-2019-09-27-191818, name=inspiring_meninsky)
Oct 02 02:14:24 bootstrap.openshift4poc.example.local podman[2637]: 2019-10-02 02:14:24.5120713 +0000 UTC m=+0.141218501 container create 9508cf70bf8feaec4655b2f0d2d3c6d744165bd794fbe7a05ff9ecc91ecccb7e (image=registry.local:5000/ocp4/openshift4:4.2.0-0.nightly-2019-09-27-191818, name=brave_heisenberg)
Oct 02 02:14:24 bootstrap.openshift4poc.example.local podman[2637]: 2019-10-02 02:14:24.6725535 +0000 UTC m=+0.301700901 container init 9508cf70bf8feaec4655b2f0d2d3c6d744165bd794fbe7a05ff9ecc91ecccb7e (image=registry.local:5000/ocp4/openshift4:4.2.0-0.nightly-2019-09-27-191818, name=brave_heisenberg)
Oct 02 02:14:24 bootstrap.openshift4poc.example.local podman[2637]: 2019-10-02 02:14:24.6959935 +0000 UTC m=+0.325140801 container start 9508cf70bf8feaec4655b2f0d2d3c6d744165bd794fbe7a05ff9ecc91ecccb7e (image=registry.local:5000/ocp4/openshift4:4.2.0-0.nightly-2019-09-27-191818, name=brave_heisenberg)
Oct 02 02:14:24 bootstrap.openshift4poc.example.local podman[2637]: 2019-10-02 02:14:24.6961067 +0000 UTC m=+0.325254001 container attach 9508cf70bf8feaec4655b2f0d2d3c6d744165bd794fbe7a05ff9ecc91ecccb7e (image=registry.local:5000/ocp4/openshift4:4.2.0-0.nightly-2019-09-27-191818, name=brave_heisenberg)
Oct 02 02:14:25 bootstrap.openshift4poc.example.local podman[2724]: 2019-10-02 02:14:25.3757832 +0000 UTC m=+0.140813301 container create 12bfb4384b8b8155e40b2eb3b1863274d37d817c971db92eda8b00fc0494f69a (image=registry.local:5000/ocp4/openshift4:4.2.0-0.nightly-2019-09-27-191818, name=amazing_buck)
Oct 02 02:14:25 bootstrap.openshift4poc.example.local podman[2724]: 2019-10-02 02:14:25.5145252 +0000 UTC m=+0.279555401 container init 12bfb4384b8b8155e40b2eb3b1863274d37d817c971db92eda8b00fc0494f69a (image=registry.local:5000/ocp4/openshift4:4.2.0-0.nightly-2019-09-27-191818, name=amazing_buck)
Oct 02 02:14:25 bootstrap.openshift4poc.example.local podman[2724]: 2019-10-02 02:14:25.5343468 +0000 UTC m=+0.299376901 container start 12bfb4384b8b8155e40b2eb3b1863274d37d817c971db92eda8b00fc0494f69a (image=registry.local:5000/ocp4/openshift4:4.2.0-0.nightly-2019-09-27-191818, name=amazing_buck)
Oct 02 02:14:25 bootstrap.openshift4poc.example.local podman[2724]: 2019-10-02 02:14:25.5344778 +0000 UTC m=+0.299507801 container attach 12bfb4384b8b8155e40b2eb3b1863274d37d817c971db92eda8b00fc0494f69a (image=registry.local:5000/ocp4/openshift4:4.2.0-0.nightly-2019-09-27-191818, name=amazing_buck)
Oct 02 02:14:26 bootstrap.openshift4poc.example.local podman[2818]: 2019-10-02 02:14:26.22559 +0000 UTC m=+0.127672401 container create 042cecb562e86d3a50b02566141048b565b6f0d383d547238177162baf79443c (image=registry.local:5000/ocp4/openshift4:4.2.0-0.nightly-2019-09-27-191818, name=youthful_hellman)
Oct 02 02:14:26 bootstrap.openshift4poc.example.local podman[2818]: 2019-10-02 02:14:26.3573356 +0000 UTC m=+0.259418301 container init 042cecb562e86d3a50b02566141048b565b6f0d383d547238177162baf79443c (image=registry.local:5000/ocp4/openshift4:4.2.0-0.nightly-2019-09-27-191818, name=youthful_hellman)
Oct 02 02:14:26 bootstrap.openshift4poc.example.local podman[2818]: 2019-10-02 02:14:26.3817913 +0000 UTC m=+0.283873901 container start 042cecb562e86d3a50b02566141048b565b6f0d383d547238177162baf79443c (image=registry.local:5000/ocp4/openshift4:4.2.0-0.nightly-2019-09-27-191818, name=youthful_hellman)
Oct 02 02:14:26 bootstrap.openshift4poc.example.local podman[2818]: 2019-10-02 02:14:26.3821775 +0000 UTC m=+0.284260001 container attach 042cecb562e86d3a50b02566141048b565b6f0d383d547238177162baf79443c (image=registry.local:5000/ocp4/openshift4:4.2.0-0.nightly-2019-09-27-191818, name=youthful_hellman)
Oct 02 02:14:27 bootstrap.openshift4poc.example.local podman[2910]: 2019-10-02 02:14:27.0339708 +0000 UTC m=+0.142336701 container create 567d56f8f1a72e51ff3bf8b0a86f00d4f06d62ad99108546b46d76f5ce5b9371 (image=registry.local:5000/ocp4/openshift4:4.2.0-0.nightly-2019-09-27-191818, name=stoic_hawking)
Oct 02 02:14:27 bootstrap.openshift4poc.example.local podman[2910]: 2019-10-02 02:14:27.2037862 +0000 UTC m=+0.312152101 container init 567d56f8f1a72e51ff3bf8b0a86f00d4f06d62ad99108546b46d76f5ce5b9371 (image=registry.local:5000/ocp4/openshift4:4.2.0-0.nightly-2019-09-27-191818, name=stoic_hawking)
Oct 02 02:14:27 bootstrap.openshift4poc.example.local podman[2910]: 2019-10-02 02:14:27.2285922 +0000 UTC m=+0.336958301 container start 567d56f8f1a72e51ff3bf8b0a86f00d4f06d62ad99108546b46d76f5ce5b9371 (image=registry.local:5000/ocp4/openshift4:4.2.0-0.nightly-2019-09-27-191818, name=stoic_hawking)
Oct 02 02:14:27 bootstrap.openshift4poc.example.local podman[2910]: 2019-10-02 02:14:27.2289391 +0000 UTC m=+0.337305101 container attach 567d56f8f1a72e51ff3bf8b0a86f00d4f06d62ad99108546b46d76f5ce5b9371 (image=registry.local:5000/ocp4/openshift4:4.2.0-0.nightly-2019-09-27-191818, name=stoic_hawking)
Oct 02 02:14:27 bootstrap.openshift4poc.example.local podman[2997]: 2019-10-02 02:14:27.8850126 +0000 UTC m=+0.150302001 container create 31f602037def8ddf5126d179f3b01364cd252b781b0234c990304dd8619452ce (image=registry.local:5000/ocp4/openshift4:4.2.0-0.nightly-2019-09-27-191818, name=charming_moser)
Oct 02 02:14:28 bootstrap.openshift4poc.example.local podman[2997]: 2019-10-02 02:14:28.0558148 +0000 UTC m=+0.321104401 container init 31f602037def8ddf5126d179f3b01364cd252b781b0234c990304dd8619452ce (image=registry.local:5000/ocp4/openshift4:4.2.0-0.nightly-2019-09-27-191818, name=charming_moser)
Oct 02 02:14:28 bootstrap.openshift4poc.example.local podman[2997]: 2019-10-02 02:14:28.0722476 +0000 UTC m=+0.337537201 container start 31f602037def8ddf5126d179f3b01364cd252b781b0234c990304dd8619452ce (image=registry.local:5000/ocp4/openshift4:4.2.0-0.nightly-2019-09-27-191818, name=charming_moser)
Oct 02 02:14:28 bootstrap.openshift4poc.example.local podman[2997]: 2019-10-02 02:14:28.0726269 +0000 UTC m=+0.337916501 container attach 31f602037def8ddf5126d179f3b01364cd252b781b0234c990304dd8619452ce (image=registry.local:5000/ocp4/openshift4:4.2.0-0.nightly-2019-09-27-191818, name=charming_moser)
Oct 02 02:14:28 bootstrap.openshift4poc.example.local podman[3081]: 2019-10-02 02:14:28.7328462 +0000 UTC m=+0.126957301 container create 8d012cf041c6fe99c8e50204c9a4c14999c4c9b05c2328be6a336a2d2cf8713f (image=registry.local:5000/ocp4/openshift4:4.2.0-0.nightly-2019-09-27-191818, name=elastic_sanderson)
Oct 02 02:14:28 bootstrap.openshift4poc.example.local podman[3081]: 2019-10-02 02:14:28.9005529 +0000 UTC m=+0.294664101 container init 8d012cf041c6fe99c8e50204c9a4c14999c4c9b05c2328be6a336a2d2cf8713f (image=registry.local:5000/ocp4/openshift4:4.2.0-0.nightly-2019-09-27-191818, name=elastic_sanderson)
Oct 02 02:14:28 bootstrap.openshift4poc.example.local podman[3081]: 2019-10-02 02:14:28.921901 +0000 UTC m=+0.316012201 container start 8d012cf041c6fe99c8e50204c9a4c14999c4c9b05c2328be6a336a2d2cf8713f (image=registry.local:5000/ocp4/openshift4:4.2.0-0.nightly-2019-09-27-191818, name=elastic_sanderson)
Oct 02 02:14:28 bootstrap.openshift4poc.example.local podman[3081]: 2019-10-02 02:14:28.9220208 +0000 UTC m=+0.316131901 container attach 8d012cf041c6fe99c8e50204c9a4c14999c4c9b05c2328be6a336a2d2cf8713f (image=registry.local:5000/ocp4/openshift4:4.2.0-0.nightly-2019-09-27-191818, name=elastic_sanderson)
Oct 02 02:14:30 bootstrap.openshift4poc.example.local bootkube.sh[1606]: Rendering Cluster Version Operator Manifests...
Oct 02 02:14:36 bootstrap.openshift4poc.example.local podman[3231]: 2019-10-02 02:14:36.613376 +0000 UTC m=+6.457225601 image pull  
Oct 02 02:14:36 bootstrap.openshift4poc.example.local podman[3231]: 2019-10-02 02:14:36.6399929 +0000 UTC m=+6.483842301 container create 89f378bfae5dc15668efda22c84328618a3a105dbda72909df9ed417fcb266e4 (image=registry.local:5000/ocp4/openshift4@sha256:ded2e6ff0019b667c53136f4bcd1546161b5f1a0be1cc4efa3ebb7400f1dc529, name=keen_brahmagupta)
Oct 02 02:14:36 bootstrap.openshift4poc.example.local podman[3231]: 2019-10-02 02:14:36.8200261 +0000 UTC m=+6.663875701 container init 89f378bfae5dc15668efda22c84328618a3a105dbda72909df9ed417fcb266e4 (image=registry.local:5000/ocp4/openshift4@sha256:ded2e6ff0019b667c53136f4bcd1546161b5f1a0be1cc4efa3ebb7400f1dc529, name=keen_brahmagupta)
Oct 02 02:14:36 bootstrap.openshift4poc.example.local podman[3231]: 2019-10-02 02:14:36.8452413 +0000 UTC m=+6.689090801 container start 89f378bfae5dc15668efda22c84328618a3a105dbda72909df9ed417fcb266e4 (image=registry.local:5000/ocp4/openshift4@sha256:ded2e6ff0019b667c53136f4bcd1546161b5f1a0be1cc4efa3ebb7400f1dc529, name=keen_brahmagupta)
Oct 02 02:14:36 bootstrap.openshift4poc.example.local podman[3231]: 2019-10-02 02:14:36.8456211 +0000 UTC m=+6.689470601 container attach 89f378bfae5dc15668efda22c84328618a3a105dbda72909df9ed417fcb266e4 (image=registry.local:5000/ocp4/openshift4@sha256:ded2e6ff0019b667c53136f4bcd1546161b5f1a0be1cc4efa3ebb7400f1dc529, name=keen_brahmagupta)
Oct 02 02:14:37 bootstrap.openshift4poc.example.local bootkube.sh[1606]: Rendering cluster config manifests...
Oct 02 02:14:39 bootstrap.openshift4poc.example.local podman[3445]: 2019-10-02 02:14:39.0324447 +0000 UTC m=+1.668218801 image pull  
Oct 02 02:14:39 bootstrap.openshift4poc.example.local podman[3445]: 2019-10-02 02:14:39.062683 +0000 UTC m=+1.698456901 container create 496717d56e9238543951942085e0e8335a6b1fff015bf879aa14aa7e46514789 (image=quay.io/openshift-release-dev/ocp-v4.0-art-dev@sha256:139f4b9c2c8ffbe7ed0305dd78e5d07029cba6239cf4dd81fcd782d7448c17df, name=stoic_chaplygin)
Oct 02 02:14:39 bootstrap.openshift4poc.example.local podman[3445]: 2019-10-02 02:14:39.2225463 +0000 UTC m=+1.858320301 container init 496717d56e9238543951942085e0e8335a6b1fff015bf879aa14aa7e46514789 (image=quay.io/openshift-release-dev/ocp-v4.0-art-dev@sha256:139f4b9c2c8ffbe7ed0305dd78e5d07029cba6239cf4dd81fcd782d7448c17df, name=stoic_chaplygin)
Oct 02 02:14:39 bootstrap.openshift4poc.example.local podman[3445]: 2019-10-02 02:14:39.2457592 +0000 UTC m=+1.881533101 container start 496717d56e9238543951942085e0e8335a6b1fff015bf879aa14aa7e46514789 (image=quay.io/openshift-release-dev/ocp-v4.0-art-dev@sha256:139f4b9c2c8ffbe7ed0305dd78e5d07029cba6239cf4dd81fcd782d7448c17df, name=stoic_chaplygin)
Oct 02 02:14:39 bootstrap.openshift4poc.example.local podman[3445]: 2019-10-02 02:14:39.2458597 +0000 UTC m=+1.881633601 container attach 496717d56e9238543951942085e0e8335a6b1fff015bf879aa14aa7e46514789 (image=quay.io/openshift-release-dev/ocp-v4.0-art-dev@sha256:139f4b9c2c8ffbe7ed0305dd78e5d07029cba6239cf4dd81fcd782d7448c17df, name=stoic_chaplygin)
Oct 02 02:14:39 bootstrap.openshift4poc.example.local bootkube.sh[1606]: Writing asset: /assets/config-bootstrap/manifests/0000_03_config-operator_01_proxy.crd.yaml
Oct 02 02:14:39 bootstrap.openshift4poc.example.local bootkube.sh[1606]: Writing asset: /assets/config-bootstrap/manifests/0000_03_security-openshift_01_scc.crd.yaml
Oct 02 02:14:39 bootstrap.openshift4poc.example.local bootkube.sh[1606]: Writing asset: /assets/config-bootstrap/manifests/0000_10_config-operator_01_console.crd.yaml
Oct 02 02:14:39 bootstrap.openshift4poc.example.local bootkube.sh[1606]: Writing asset: /assets/config-bootstrap/manifests/0000_10_config-operator_01_image.crd.yaml
Oct 02 02:14:39 bootstrap.openshift4poc.example.local bootkube.sh[1606]: Writing asset: /assets/config-bootstrap/manifests/0000_10_config-operator_01_oauth.crd.yaml
Oct 02 02:14:39 bootstrap.openshift4poc.example.local bootkube.sh[1606]: Writing asset: /assets/config-bootstrap/manifests/0000_10_config-operator_01_project.crd.yaml
Oct 02 02:14:39 bootstrap.openshift4poc.example.local bootkube.sh[1606]: Writing asset: /assets/config-bootstrap/manifests/0000_03_authorization-openshift_01_rolebindingrestriction.crd.yaml
Oct 02 02:14:39 bootstrap.openshift4poc.example.local bootkube.sh[1606]: Writing asset: /assets/config-bootstrap/manifests/0000_03_config-operator_01_operatorhub.crd.yaml
Oct 02 02:14:39 bootstrap.openshift4poc.example.local bootkube.sh[1606]: Writing asset: /assets/config-bootstrap/manifests/0000_10_config-operator_01_authentication.crd.yaml
Oct 02 02:14:39 bootstrap.openshift4poc.example.local bootkube.sh[1606]: Writing asset: /assets/config-bootstrap/manifests/0000_10_config-operator_01_imagecontentsourcepolicy.crd.yaml
Oct 02 02:14:39 bootstrap.openshift4poc.example.local bootkube.sh[1606]: Writing asset: /assets/config-bootstrap/manifests/0000_10_config-operator_01_infrastructure.crd.yaml
Oct 02 02:14:39 bootstrap.openshift4poc.example.local bootkube.sh[1606]: Writing asset: /assets/config-bootstrap/manifests/0000_10_config-operator_01_network.crd.yaml
Oct 02 02:14:39 bootstrap.openshift4poc.example.local bootkube.sh[1606]: Writing asset: /assets/config-bootstrap/manifests/0000_03_quota-openshift_01_clusterresourcequota.crd.yaml
Oct 02 02:14:39 bootstrap.openshift4poc.example.local bootkube.sh[1606]: Writing asset: /assets/config-bootstrap/manifests/0000_10_config-operator_01_ingress.crd.yaml
Oct 02 02:14:39 bootstrap.openshift4poc.example.local bootkube.sh[1606]: Writing asset: /assets/config-bootstrap/manifests/0000_10_config-operator_01_scheduler.crd.yaml
Oct 02 02:14:39 bootstrap.openshift4poc.example.local bootkube.sh[1606]: Writing asset: /assets/config-bootstrap/manifests/0000_10_quota-openshift_01_clusterresourcequota.crd.yaml
Oct 02 02:14:39 bootstrap.openshift4poc.example.local bootkube.sh[1606]: Writing asset: /assets/config-bootstrap/manifests/0000_10_config-operator_01_apiserver.crd.yaml
Oct 02 02:14:39 bootstrap.openshift4poc.example.local bootkube.sh[1606]: Writing asset: /assets/config-bootstrap/manifests/0000_10_config-operator_01_build.crd.yaml
Oct 02 02:14:39 bootstrap.openshift4poc.example.local bootkube.sh[1606]: Writing asset: /assets/config-bootstrap/manifests/0000_10_config-operator_01_dns.crd.yaml
Oct 02 02:14:39 bootstrap.openshift4poc.example.local bootkube.sh[1606]: Writing asset: /assets/config-bootstrap/manifests/0000_10_config-operator_01_featuregate.crd.yaml
Oct 02 02:14:39 bootstrap.openshift4poc.example.local bootkube.sh[1606]: Writing asset: /assets/config-bootstrap/manifests/0000_10_config-operator_01_openshift-config-managed-ns.yaml
Oct 02 02:14:39 bootstrap.openshift4poc.example.local bootkube.sh[1606]: Writing asset: /assets/config-bootstrap/manifests/0000_10_config-operator_01_openshift-config-ns.yaml
Oct 02 02:14:39 bootstrap.openshift4poc.example.local bootkube.sh[1606]: Writing asset: /assets/config-bootstrap/manifests/0000_10_config-operator_02_config.clusterrole.yaml
Oct 02 02:14:39 bootstrap.openshift4poc.example.local bootkube.sh[1606]: Rendering Kubernetes API server core manifests...
Oct 02 02:14:41 bootstrap.openshift4poc.example.local podman[3537]: 2019-10-02 02:14:41.6918875 +0000 UTC m=+2.124526601 image pull  
Oct 02 02:14:41 bootstrap.openshift4poc.example.local podman[3537]: 2019-10-02 02:14:41.7175944 +0000 UTC m=+2.150233301 container create 7cefe751d5c76bf5c731889e297f4efe2168f11194ef1069550afe9feea869ba (image=quay.io/openshift-release-dev/ocp-v4.0-art-dev@sha256:7e45350a03c31e522160f1df1740a8b233a0dcd1dad74efb7625826deb2b8bf4, name=dreamy_faraday)
Oct 02 02:14:41 bootstrap.openshift4poc.example.local podman[3537]: 2019-10-02 02:14:41.8691769 +0000 UTC m=+2.301815901 container init 7cefe751d5c76bf5c731889e297f4efe2168f11194ef1069550afe9feea869ba (image=quay.io/openshift-release-dev/ocp-v4.0-art-dev@sha256:7e45350a03c31e522160f1df1740a8b233a0dcd1dad74efb7625826deb2b8bf4, name=dreamy_faraday)
Oct 02 02:14:41 bootstrap.openshift4poc.example.local podman[3537]: 2019-10-02 02:14:41.8899387 +0000 UTC m=+2.322577701 container start 7cefe751d5c76bf5c731889e297f4efe2168f11194ef1069550afe9feea869ba (image=quay.io/openshift-release-dev/ocp-v4.0-art-dev@sha256:7e45350a03c31e522160f1df1740a8b233a0dcd1dad74efb7625826deb2b8bf4, name=dreamy_faraday)
Oct 02 02:14:41 bootstrap.openshift4poc.example.local podman[3537]: 2019-10-02 02:14:41.8900476 +0000 UTC m=+2.322686601 container attach 7cefe751d5c76bf5c731889e297f4efe2168f11194ef1069550afe9feea869ba (image=quay.io/openshift-release-dev/ocp-v4.0-art-dev@sha256:7e45350a03c31e522160f1df1740a8b233a0dcd1dad74efb7625826deb2b8bf4, name=dreamy_faraday)
Oct 02 02:14:41 bootstrap.openshift4poc.example.local bootkube.sh[1606]: Writing asset: /assets/kube-apiserver-bootstrap/bootstrap-manifests/kube-apiserver-pod.yaml
Oct 02 02:14:41 bootstrap.openshift4poc.example.local bootkube.sh[1606]: Writing asset: /assets/kube-apiserver-bootstrap/manifests/secret-aggregator-client-signer.yaml
Oct 02 02:14:41 bootstrap.openshift4poc.example.local bootkube.sh[1606]: Writing asset: /assets/kube-apiserver-bootstrap/manifests/secret-loadbalancer-serving-signer.yaml
Oct 02 02:14:41 bootstrap.openshift4poc.example.local bootkube.sh[1606]: Writing asset: /assets/kube-apiserver-bootstrap/manifests/cluster-role-binding-kube-apiserver.yaml
Oct 02 02:14:41 bootstrap.openshift4poc.example.local bootkube.sh[1606]: Writing asset: /assets/kube-apiserver-bootstrap/manifests/configmap-admin-kubeconfig-client-ca.yaml
Oct 02 02:14:41 bootstrap.openshift4poc.example.local bootkube.sh[1606]: Writing asset: /assets/kube-apiserver-bootstrap/manifests/configmap-csr-controller-ca.yaml
Oct 02 02:14:41 bootstrap.openshift4poc.example.local bootkube.sh[1606]: Writing asset: /assets/kube-apiserver-bootstrap/manifests/configmap-sa-token-signing-certs.yaml
Oct 02 02:14:41 bootstrap.openshift4poc.example.local bootkube.sh[1606]: Writing asset: /assets/kube-apiserver-bootstrap/manifests/secret-control-plane-client-signer.yaml
Oct 02 02:14:41 bootstrap.openshift4poc.example.local bootkube.sh[1606]: Writing asset: /assets/kube-apiserver-bootstrap/manifests/secret-kube-apiserver-to-kubelet-signer.yaml
Oct 02 02:14:41 bootstrap.openshift4poc.example.local bootkube.sh[1606]: Writing asset: /assets/kube-apiserver-bootstrap/manifests/secret-localhost-serving-signer.yaml
Oct 02 02:14:41 bootstrap.openshift4poc.example.local bootkube.sh[1606]: Writing asset: /assets/kube-apiserver-bootstrap/manifests/secret-service-network-serving-signer.yaml
Oct 02 02:14:41 bootstrap.openshift4poc.example.local bootkube.sh[1606]: Writing asset: /assets/kube-apiserver-bootstrap/manifests/00_openshift-kube-apiserver-ns.yaml
Oct 02 02:14:41 bootstrap.openshift4poc.example.local bootkube.sh[1606]: Writing asset: /assets/kube-apiserver-bootstrap/manifests/00_openshift-kube-apiserver-operator-ns.yaml
Oct 02 02:14:41 bootstrap.openshift4poc.example.local bootkube.sh[1606]: Writing asset: /assets/kube-apiserver-bootstrap/manifests/cluster-role-kube-apiserver.yaml
Oct 02 02:14:42 bootstrap.openshift4poc.example.local bootkube.sh[1606]: Rendering Kubernetes Controller Manager core manifests...
Oct 02 02:14:44 bootstrap.openshift4poc.example.local podman[3653]: 2019-10-02 02:14:44.0926813 +0000 UTC m=+1.767265301 image pull  
Oct 02 02:14:44 bootstrap.openshift4poc.example.local podman[3653]: 2019-10-02 02:14:44.1109565 +0000 UTC m=+1.785540401 container create deac7d9f7fb4ae100b51b5837daa4f5567802e93df5192c26d2ca7244cebe21a (image=quay.io/openshift-release-dev/ocp-v4.0-art-dev@sha256:c6f3849d3ab57c1b097aac2ce16dd023d03229bcc7bdab0046fe05389ea39464, name=friendly_swirles)
Oct 02 02:14:44 bootstrap.openshift4poc.example.local podman[3653]: 2019-10-02 02:14:44.2488143 +0000 UTC m=+1.923398401 container init deac7d9f7fb4ae100b51b5837daa4f5567802e93df5192c26d2ca7244cebe21a (image=quay.io/openshift-release-dev/ocp-v4.0-art-dev@sha256:c6f3849d3ab57c1b097aac2ce16dd023d03229bcc7bdab0046fe05389ea39464, name=friendly_swirles)
Oct 02 02:14:44 bootstrap.openshift4poc.example.local podman[3653]: 2019-10-02 02:14:44.2726381 +0000 UTC m=+1.947222301 container start deac7d9f7fb4ae100b51b5837daa4f5567802e93df5192c26d2ca7244cebe21a (image=quay.io/openshift-release-dev/ocp-v4.0-art-dev@sha256:c6f3849d3ab57c1b097aac2ce16dd023d03229bcc7bdab0046fe05389ea39464, name=friendly_swirles)
Oct 02 02:14:44 bootstrap.openshift4poc.example.local podman[3653]: 2019-10-02 02:14:44.2727635 +0000 UTC m=+1.947347601 container attach deac7d9f7fb4ae100b51b5837daa4f5567802e93df5192c26d2ca7244cebe21a (image=quay.io/openshift-release-dev/ocp-v4.0-art-dev@sha256:c6f3849d3ab57c1b097aac2ce16dd023d03229bcc7bdab0046fe05389ea39464, name=friendly_swirles)
Oct 02 02:14:44 bootstrap.openshift4poc.example.local bootkube.sh[1606]: Writing asset: /assets/kube-controller-manager-bootstrap/bootstrap-manifests/kube-controller-manager-pod.yaml
Oct 02 02:14:44 bootstrap.openshift4poc.example.local bootkube.sh[1606]: Writing asset: /assets/kube-controller-manager-bootstrap/manifests/00_openshift-kube-controller-manager-operator-ns.yaml
Oct 02 02:14:44 bootstrap.openshift4poc.example.local bootkube.sh[1606]: Writing asset: /assets/kube-controller-manager-bootstrap/manifests/secret-csr-signer-signer.yaml
Oct 02 02:14:44 bootstrap.openshift4poc.example.local bootkube.sh[1606]: Writing asset: /assets/kube-controller-manager-bootstrap/manifests/secret-initial-kube-controller-manager-service-account-private-key.yaml
Oct 02 02:14:44 bootstrap.openshift4poc.example.local bootkube.sh[1606]: Writing asset: /assets/kube-controller-manager-bootstrap/manifests/00_openshift-kube-controller-manager-ns.yaml
Oct 02 02:14:44 bootstrap.openshift4poc.example.local bootkube.sh[1606]: Rendering Kubernetes Scheduler core manifests...
Oct 02 02:14:46 bootstrap.openshift4poc.example.local podman[3750]: 2019-10-02 02:14:46.421464 +0000 UTC m=+1.725432001 image pull  
Oct 02 02:14:46 bootstrap.openshift4poc.example.local podman[3750]: 2019-10-02 02:14:46.438341 +0000 UTC m=+1.742309101 container create 6f728a8aa936b2444aceedd5e18ee068cc809eaf7eb07a7a7b45d022c6180b19 (image=quay.io/openshift-release-dev/ocp-v4.0-art-dev@sha256:56ff7b68f40b178f8505f2dde1c0d9c25ade956f3cc99f4096da4981c8cb06f4, name=nifty_tu)
Oct 02 02:14:46 bootstrap.openshift4poc.example.local podman[3750]: 2019-10-02 02:14:46.5886065 +0000 UTC m=+1.892574701 container init 6f728a8aa936b2444aceedd5e18ee068cc809eaf7eb07a7a7b45d022c6180b19 (image=quay.io/openshift-release-dev/ocp-v4.0-art-dev@sha256:56ff7b68f40b178f8505f2dde1c0d9c25ade956f3cc99f4096da4981c8cb06f4, name=nifty_tu)
Oct 02 02:14:46 bootstrap.openshift4poc.example.local podman[3750]: 2019-10-02 02:14:46.6106238 +0000 UTC m=+1.914592001 container start 6f728a8aa936b2444aceedd5e18ee068cc809eaf7eb07a7a7b45d022c6180b19 (image=quay.io/openshift-release-dev/ocp-v4.0-art-dev@sha256:56ff7b68f40b178f8505f2dde1c0d9c25ade956f3cc99f4096da4981c8cb06f4, name=nifty_tu)
Oct 02 02:14:46 bootstrap.openshift4poc.example.local podman[3750]: 2019-10-02 02:14:46.61074 +0000 UTC m=+1.914708301 container attach 6f728a8aa936b2444aceedd5e18ee068cc809eaf7eb07a7a7b45d022c6180b19 (image=quay.io/openshift-release-dev/ocp-v4.0-art-dev@sha256:56ff7b68f40b178f8505f2dde1c0d9c25ade956f3cc99f4096da4981c8cb06f4, name=nifty_tu)
Oct 02 02:14:46 bootstrap.openshift4poc.example.local bootkube.sh[1606]: Writing asset: /assets/kube-scheduler-bootstrap/bootstrap-manifests/kube-scheduler-pod.yaml
Oct 02 02:14:46 bootstrap.openshift4poc.example.local bootkube.sh[1606]: Writing asset: /assets/kube-scheduler-bootstrap/manifests/00_openshift-kube-scheduler-ns.yaml
Oct 02 02:14:46 bootstrap.openshift4poc.example.local bootkube.sh[1606]: Rendering MCO manifests...
Oct 02 02:14:50 bootstrap.openshift4poc.example.local podman[3857]: 2019-10-02 02:14:50.2714929 +0000 UTC m=+3.288295201 image pull  
Oct 02 02:14:50 bootstrap.openshift4poc.example.local podman[3857]: 2019-10-02 02:14:50.2896873 +0000 UTC m=+3.306489701 container create b671edc6e05124eb92359ce9de7a2f288a6e4ee9862d1c51c8da2c4576699ef0 (image=quay.io/openshift-release-dev/ocp-v4.0-art-dev@sha256:f94afe7d7dcbb1fd574c483d1d839f47b643f5c133ced7de6eeb8c4be0e2ba88, name=distracted_ganguly)
Oct 02 02:14:50 bootstrap.openshift4poc.example.local podman[3857]: 2019-10-02 02:14:50.4611595 +0000 UTC m=+3.477961701 container init b671edc6e05124eb92359ce9de7a2f288a6e4ee9862d1c51c8da2c4576699ef0 (image=quay.io/openshift-release-dev/ocp-v4.0-art-dev@sha256:f94afe7d7dcbb1fd574c483d1d839f47b643f5c133ced7de6eeb8c4be0e2ba88, name=distracted_ganguly)
Oct 02 02:14:50 bootstrap.openshift4poc.example.local podman[3857]: 2019-10-02 02:14:50.4844137 +0000 UTC m=+3.501215901 container start b671edc6e05124eb92359ce9de7a2f288a6e4ee9862d1c51c8da2c4576699ef0 (image=quay.io/openshift-release-dev/ocp-v4.0-art-dev@sha256:f94afe7d7dcbb1fd574c483d1d839f47b643f5c133ced7de6eeb8c4be0e2ba88, name=distracted_ganguly)
Oct 02 02:14:50 bootstrap.openshift4poc.example.local podman[3857]: 2019-10-02 02:14:50.4845118 +0000 UTC m=+3.501314001 container attach b671edc6e05124eb92359ce9de7a2f288a6e4ee9862d1c51c8da2c4576699ef0 (image=quay.io/openshift-release-dev/ocp-v4.0-art-dev@sha256:f94afe7d7dcbb1fd574c483d1d839f47b643f5c133ced7de6eeb8c4be0e2ba88, name=distracted_ganguly)
Oct 02 02:14:50 bootstrap.openshift4poc.example.local bootkube.sh[1606]: I1002 02:14:50.493618       1 bootstrap.go:86] Version: v4.2.0-201909221318-dirty (b8898db9af98e5c3d6a450ae123121677b0dbcb3)
Oct 02 02:14:50 bootstrap.openshift4poc.example.local bootkube.sh[1606]: I1002 02:14:50.502601       1 bootstrap.go:219] manifests/machineconfigcontroller/controllerconfig.yaml
Oct 02 02:14:50 bootstrap.openshift4poc.example.local bootkube.sh[1606]: I1002 02:14:50.505456       1 bootstrap.go:219] manifests/master.machineconfigpool.yaml
Oct 02 02:14:50 bootstrap.openshift4poc.example.local bootkube.sh[1606]: I1002 02:14:50.505684       1 bootstrap.go:219] manifests/worker.machineconfigpool.yaml
Oct 02 02:14:50 bootstrap.openshift4poc.example.local bootkube.sh[1606]: I1002 02:14:50.505862       1 bootstrap.go:219] manifests/bootstrap-pod-v2.yaml
Oct 02 02:14:50 bootstrap.openshift4poc.example.local bootkube.sh[1606]: I1002 02:14:50.506103       1 bootstrap.go:219] manifests/machineconfigserver/csr-bootstrap-role-binding.yaml
Oct 02 02:14:50 bootstrap.openshift4poc.example.local bootkube.sh[1606]: I1002 02:14:50.506329       1 bootstrap.go:219] manifests/machineconfigserver/kube-apiserver-serving-ca-configmap.yaml
Oct 02 02:14:50 bootstrap.openshift4poc.example.local bootkube.sh[1606]: Starting etcd certificate signer...
Oct 02 02:14:52 bootstrap.openshift4poc.example.local podman[3968]: 2019-10-02 02:14:52.6822165 +0000 UTC m=+1.769764501 image pull  
Oct 02 02:14:52 bootstrap.openshift4poc.example.local podman[3968]: 2019-10-02 02:14:52.748036 +0000 UTC m=+1.835583801 container create f1a8cc4ab50d158d719b16c62fc6851263ffaff95b7da46f1a7d480c55f4477a (image=quay.io/openshift-release-dev/ocp-v4.0-art-dev@sha256:237125b8ff379568c183ac709bfea7d20d4c5b7cd8c0ab861c0d7ed8e4f2ea04, name=etcd-signer)
Oct 02 02:14:52 bootstrap.openshift4poc.example.local podman[3968]: 2019-10-02 02:14:52.9092833 +0000 UTC m=+1.996831401 container init f1a8cc4ab50d158d719b16c62fc6851263ffaff95b7da46f1a7d480c55f4477a (image=quay.io/openshift-release-dev/ocp-v4.0-art-dev@sha256:237125b8ff379568c183ac709bfea7d20d4c5b7cd8c0ab861c0d7ed8e4f2ea04, name=etcd-signer)
Oct 02 02:14:52 bootstrap.openshift4poc.example.local podman[3968]: 2019-10-02 02:14:52.9391193 +0000 UTC m=+2.026667201 container start f1a8cc4ab50d158d719b16c62fc6851263ffaff95b7da46f1a7d480c55f4477a (image=quay.io/openshift-release-dev/ocp-v4.0-art-dev@sha256:237125b8ff379568c183ac709bfea7d20d4c5b7cd8c0ab861c0d7ed8e4f2ea04, name=etcd-signer)
Oct 02 02:14:52 bootstrap.openshift4poc.example.local bootkube.sh[1606]: f1a8cc4ab50d158d719b16c62fc6851263ffaff95b7da46f1a7d480c55f4477a
Oct 02 02:14:52 bootstrap.openshift4poc.example.local bootkube.sh[1606]: Waiting for etcd cluster...
Oct 02 02:14:54 bootstrap.openshift4poc.example.local podman[4116]: 2019-10-02 02:14:54.8832767 +0000 UTC m=+1.915739101 image pull  
Oct 02 02:14:54 bootstrap.openshift4poc.example.local podman[4116]: 2019-10-02 02:14:54.898564 +0000 UTC m=+1.931026401 container create 6cfc0466ed91f7da695a35ad8d4245a6cb93d5d1fa38f3910d61d7241fa7db4a (image=quay.io/openshift-release-dev/ocp-v4.0-art-dev@sha256:b83087564c4e331a89eb9e8babdece68f82cf8537808ec300a690bcb0b499757, name=etcdctl)
Oct 02 02:14:55 bootstrap.openshift4poc.example.local podman[4116]: 2019-10-02 02:14:55.0473626 +0000 UTC m=+2.079825101 container init 6cfc0466ed91f7da695a35ad8d4245a6cb93d5d1fa38f3910d61d7241fa7db4a (image=quay.io/openshift-release-dev/ocp-v4.0-art-dev@sha256:b83087564c4e331a89eb9e8babdece68f82cf8537808ec300a690bcb0b499757, name=etcdctl)
Oct 02 02:14:55 bootstrap.openshift4poc.example.local podman[4116]: 2019-10-02 02:14:55.074907 +0000 UTC m=+2.107369501 container start 6cfc0466ed91f7da695a35ad8d4245a6cb93d5d1fa38f3910d61d7241fa7db4a (image=quay.io/openshift-release-dev/ocp-v4.0-art-dev@sha256:b83087564c4e331a89eb9e8babdece68f82cf8537808ec300a690bcb0b499757, name=etcdctl)
Oct 02 02:14:55 bootstrap.openshift4poc.example.local podman[4116]: 2019-10-02 02:14:55.0750529 +0000 UTC m=+2.107515401 container attach 6cfc0466ed91f7da695a35ad8d4245a6cb93d5d1fa38f3910d61d7241fa7db4a (image=quay.io/openshift-release-dev/ocp-v4.0-art-dev@sha256:b83087564c4e331a89eb9e8babdece68f82cf8537808ec300a690bcb0b499757, name=etcdctl)
Oct 02 02:24:55 bootstrap.openshift4poc.example.local bootkube.sh[1606]: https://etcd-0.openshift4poc.example.local:2379 is unhealthy: failed to connect: dial tcp 172.16.1.10:2379: connect: connection refused
Oct 02 02:24:55 bootstrap.openshift4poc.example.local bootkube.sh[1606]: https://etcd-2.openshift4poc.example.local:2379 is unhealthy: failed to connect: dial tcp 172.16.1.13:2379: connect: connection refused
Oct 02 02:24:55 bootstrap.openshift4poc.example.local bootkube.sh[1606]: https://etcd-1.openshift4poc.example.local:2379 is unhealthy: failed to connect: dial tcp 172.16.1.11:2379: connect: connection refused
Oct 02 02:24:55 bootstrap.openshift4poc.example.local bootkube.sh[1606]: Error: unhealthy cluster
Oct 02 02:24:55 bootstrap.openshift4poc.example.local bootkube.sh[1606]: etcdctl failed. Retrying in 5 seconds...
Oct 02 02:25:00 bootstrap.openshift4poc.example.local podman[7141]: 2019-10-02 02:25:00.548274 +0000 UTC m=+0.172082901 container create 36caaa04745c71d4bd17b586dac5c25d06f4f4495534fb4fb6b2ce7142853cb5 (image=quay.io/openshift-release-dev/ocp-v4.0-art-dev@sha256:b83087564c4e331a89eb9e8babdece68f82cf8537808ec300a690bcb0b499757, name=etcdctl)
Oct 02 02:25:00 bootstrap.openshift4poc.example.local podman[7141]: 2019-10-02 02:25:00.7514113 +0000 UTC m=+0.375220201 container init 36caaa04745c71d4bd17b586dac5c25d06f4f4495534fb4fb6b2ce7142853cb5 (image=quay.io/openshift-release-dev/ocp-v4.0-art-dev@sha256:b83087564c4e331a89eb9e8babdece68f82cf8537808ec300a690bcb0b499757, name=etcdctl)
Oct 02 02:25:00 bootstrap.openshift4poc.example.local podman[7141]: 2019-10-02 02:25:00.7751981 +0000 UTC m=+0.399006901 container start 36caaa04745c71d4bd17b586dac5c25d06f4f4495534fb4fb6b2ce7142853cb5 (image=quay.io/openshift-release-dev/ocp-v4.0-art-dev@sha256:b83087564c4e331a89eb9e8babdece68f82cf8537808ec300a690bcb0b499757, name=etcdctl)
Oct 02 02:25:00 bootstrap.openshift4poc.example.local podman[7141]: 2019-10-02 02:25:00.7752994 +0000 UTC m=+0.399108301 container attach 36caaa04745c71d4bd17b586dac5c25d06f4f4495534fb4fb6b2ce7142853cb5 (image=quay.io/openshift-release-dev/ocp-v4.0-art-dev@sha256:b83087564c4e331a89eb9e8babdece68f82cf8537808ec300a690bcb0b499757, name=etcdctl)
Oct 02 02:33:42 bootstrap.openshift4poc.example.local bootkube.sh[1606]: https://etcd-0.openshift4poc.example.local:2379 is healthy: successfully committed proposal: took = 3.5865ms
Oct 02 02:35:00 bootstrap.openshift4poc.example.local bootkube.sh[1606]: https://etcd-1.openshift4poc.example.local:2379 is unhealthy: failed to connect: dial tcp 172.16.1.11:2379: connect: no route to host
Oct 02 02:35:00 bootstrap.openshift4poc.example.local bootkube.sh[1606]: https://etcd-2.openshift4poc.example.local:2379 is unhealthy: failed to connect: dial tcp 172.16.1.13:2379: connect: no route to host
Oct 02 02:35:00 bootstrap.openshift4poc.example.local bootkube.sh[1606]: Error: unhealthy cluster
Oct 02 02:35:00 bootstrap.openshift4poc.example.local bootkube.sh[1606]: etcdctl failed. Retrying in 5 seconds...
Oct 02 02:35:06 bootstrap.openshift4poc.example.local podman[9218]: 2019-10-02 02:35:06.1561149 +0000 UTC m=+0.135853101 container create 09d267f0147336acbc20c61f37a2dd58a2ac0b7fc8735e2e4ceb24c518ef79f6 (image=quay.io/openshift-release-dev/ocp-v4.0-art-dev@sha256:b83087564c4e331a89eb9e8babdece68f82cf8537808ec300a690bcb0b499757, name=etcdctl)
Oct 02 02:35:06 bootstrap.openshift4poc.example.local podman[9218]: 2019-10-02 02:35:06.3107845 +0000 UTC m=+0.290522601 container init 09d267f0147336acbc20c61f37a2dd58a2ac0b7fc8735e2e4ceb24c518ef79f6 (image=quay.io/openshift-release-dev/ocp-v4.0-art-dev@sha256:b83087564c4e331a89eb9e8babdece68f82cf8537808ec300a690bcb0b499757, name=etcdctl)
Oct 02 02:35:06 bootstrap.openshift4poc.example.local podman[9218]: 2019-10-02 02:35:06.3311565 +0000 UTC m=+0.310894701 container start 09d267f0147336acbc20c61f37a2dd58a2ac0b7fc8735e2e4ceb24c518ef79f6 (image=quay.io/openshift-release-dev/ocp-v4.0-art-dev@sha256:b83087564c4e331a89eb9e8babdece68f82cf8537808ec300a690bcb0b499757, name=etcdctl)
Oct 02 02:35:06 bootstrap.openshift4poc.example.local podman[9218]: 2019-10-02 02:35:06.3318719 +0000 UTC m=+0.311610201 container attach 09d267f0147336acbc20c61f37a2dd58a2ac0b7fc8735e2e4ceb24c518ef79f6 (image=quay.io/openshift-release-dev/ocp-v4.0-art-dev@sha256:b83087564c4e331a89eb9e8babdece68f82cf8537808ec300a690bcb0b499757, name=etcdctl)
Oct 02 02:35:06 bootstrap.openshift4poc.example.local bootkube.sh[1606]: https://etcd-1.openshift4poc.example.local:2379 is healthy: successfully committed proposal: took = 2.5694ms
Oct 02 02:35:06 bootstrap.openshift4poc.example.local bootkube.sh[1606]: https://etcd-0.openshift4poc.example.local:2379 is healthy: successfully committed proposal: took = 2.4494ms
